<?xml version="1.0" encoding="utf-8" standalone="no"?>
<!--This file represents the results of running a test suite-->
<test-results name="C:\Users\Home\Desktop\Mercury.Autotest\Mercury.Autotest\bin\Release\Mercury.Autotest.dll" total="1" errors="0" failures="0" not-run="0" inconclusive="0" ignored="0" skipped="0" invalid="0" date="2016-07-20" time="13:10:43">
  <environment nunit-version="2.6.3.13283" clr-version="2.0.50727.5456" os-version="Microsoft Windows NT 6.1.7601 Service Pack 1" platform="Win32NT" cwd="C:\Program Files (x86)\NUnit 2.6.3\bin" machine-name="JOE" user="Home" user-domain="Joe" />
  <culture-info current-culture="ru-RU" current-uiculture="ru-RU" />
  <test-suite type="Assembly" name="C:\Users\Home\Desktop\Mercury.Autotest\Mercury.Autotest\bin\Release\Mercury.Autotest.dll" executed="True" result="Success" success="True" time="74.295" asserts="0">
    <results>
      <test-suite type="Namespace" name="Mercury" executed="True" result="Success" success="True" time="74.253" asserts="0">
        <results>
          <test-suite type="Namespace" name="Autotest" executed="True" result="Success" success="True" time="74.253" asserts="0">
            <results>
              <test-suite type="TestFixture" name="Tests" executed="True" result="Success" success="True" time="74.250" asserts="0">
                <results>
                  <test-case name="Mercury.Autotest.Tests.BookingUnitTestScenario" executed="True" result="Success" success="True" time="74.190" asserts="0" />
                </results>
              </test-suite>
            </results>
          </test-suite>
        </results>
      </test-suite>
    </results>
  </test-suite>
</test-results>